C:\USERS\MSALO\ONEDRIVE\DOKUMENT\VISUAL STUDIO 2010\PROJECTS\CURSACHDLL\CURSACHDLL\DEBUG\.NETFRAMEWORK,VERSION=V4.0.ASSEMBLYATTRIBUTES.OBJ
C:\USERS\MSALO\ONEDRIVE\DOKUMENT\VISUAL STUDIO 2010\PROJECTS\CURSACHDLL\CURSACHDLL\DEBUG\APP.RES
C:\USERS\MSALO\ONEDRIVE\DOKUMENT\VISUAL STUDIO 2010\PROJECTS\CURSACHDLL\CURSACHDLL\DEBUG\ASSEMBLYINFO.OBJ
C:\Users\msalo\OneDrive\Dokument\Visual Studio 2010\Projects\cursachDLL\cursachDLL\Debug\cl.command.1.tlog
C:\Users\msalo\OneDrive\Dokument\Visual Studio 2010\Projects\cursachDLL\cursachDLL\Debug\CL.read.1.tlog
C:\Users\msalo\OneDrive\Dokument\Visual Studio 2010\Projects\cursachDLL\cursachDLL\Debug\CL.write.1.tlog
C:\USERS\MSALO\ONEDRIVE\DOKUMENT\VISUAL STUDIO 2010\PROJECTS\CURSACHDLL\CURSACHDLL\DEBUG\CURSACHDLL.DLL.INTERMEDIATE.MANIFEST
C:\USERS\MSALO\ONEDRIVE\DOKUMENT\VISUAL STUDIO 2010\PROJECTS\CURSACHDLL\CURSACHDLL\DEBUG\CURSACHDLL.OBJ
C:\USERS\MSALO\ONEDRIVE\DOKUMENT\VISUAL STUDIO 2010\PROJECTS\CURSACHDLL\CURSACHDLL\DEBUG\CURSACHDLL.PCH
C:\Users\msalo\OneDrive\Dokument\Visual Studio 2010\Projects\cursachDLL\cursachDLL\Debug\cursachDLL.write.1.tlog
C:\Users\msalo\OneDrive\Dokument\Visual Studio 2010\Projects\cursachDLL\cursachDLL\Debug\link.16768.read.1.tlog
C:\Users\msalo\OneDrive\Dokument\Visual Studio 2010\Projects\cursachDLL\cursachDLL\Debug\link.16768.write.1.tlog
C:\Users\msalo\OneDrive\Dokument\Visual Studio 2010\Projects\cursachDLL\cursachDLL\Debug\link.16768-cvtres.read.1.tlog
C:\Users\msalo\OneDrive\Dokument\Visual Studio 2010\Projects\cursachDLL\cursachDLL\Debug\link.16768-cvtres.write.1.tlog
C:\Users\msalo\OneDrive\Dokument\Visual Studio 2010\Projects\cursachDLL\cursachDLL\Debug\link.command.1.tlog
C:\Users\msalo\OneDrive\Dokument\Visual Studio 2010\Projects\cursachDLL\cursachDLL\Debug\link.read.1.tlog
C:\Users\msalo\OneDrive\Dokument\Visual Studio 2010\Projects\cursachDLL\cursachDLL\Debug\link.write.1.tlog
C:\Users\msalo\OneDrive\Dokument\Visual Studio 2010\Projects\cursachDLL\cursachDLL\Debug\mt.command.1.tlog
C:\Users\msalo\OneDrive\Dokument\Visual Studio 2010\Projects\cursachDLL\cursachDLL\Debug\mt.read.1.tlog
C:\Users\msalo\OneDrive\Dokument\Visual Studio 2010\Projects\cursachDLL\cursachDLL\Debug\mt.write.1.tlog
C:\Users\msalo\OneDrive\Dokument\Visual Studio 2010\Projects\cursachDLL\cursachDLL\Debug\rc.command.1.tlog
C:\Users\msalo\OneDrive\Dokument\Visual Studio 2010\Projects\cursachDLL\cursachDLL\Debug\rc.read.1.tlog
C:\Users\msalo\OneDrive\Dokument\Visual Studio 2010\Projects\cursachDLL\cursachDLL\Debug\rc.write.1.tlog
C:\USERS\MSALO\ONEDRIVE\DOKUMENT\VISUAL STUDIO 2010\PROJECTS\CURSACHDLL\CURSACHDLL\DEBUG\STDAFX.OBJ
C:\USERS\MSALO\ONEDRIVE\DOKUMENT\VISUAL STUDIO 2010\PROJECTS\CURSACHDLL\CURSACHDLL\DEBUG\VC100.PDB
C:\USERS\MSALO\ONEDRIVE\DOKUMENT\VISUAL STUDIO 2010\PROJECTS\CURSACHDLL\DEBUG\CURSACHDLL.DLL
C:\USERS\MSALO\ONEDRIVE\DOKUMENT\VISUAL STUDIO 2010\PROJECTS\CURSACHDLL\DEBUG\CURSACHDLL.ILK
C:\USERS\MSALO\ONEDRIVE\DOKUMENT\VISUAL STUDIO 2010\PROJECTS\CURSACHDLL\DEBUG\CURSACHDLL.PDB
