Построение начато 16.05.2025 22:52:12.
     1>Проект "C:\Users\msalo\OneDrive\Dokument\Visual Studio 2010\Projects\cursach\cursach\cursach.vcxproj" в узле 2 (целевые объекты build).
     1>InitializeBuildStatus:
         Обращение к "Debug\cursach.unsuccessfulbuild".
       GenerateTargetFrameworkMonikerAttribute:
       Целевой объект "GenerateTargetFrameworkMonikerAttribute" пропускается, так как все выходные файлы актуальны по отношению к входным.
       ClCompile:
         Для всех выходных данных обновления не требуется.
         D:\VS\VC\bin\CL.exe /c /AI"C:\Program Files (x86)\Reference Assemblies\Microsoft\Framework\.NETFramework\v4.0" /Zi /clr /nologo /W3 /WX- /Od /Oy- /D WIN32 /D _DEBUG /D _UNICODE /D UNICODE /EHa /MDd /GS /fp:precise /Zc:wchar_t /Zc:forScope /Yu"StdAfx.h" /Fp"Debug\cursach.pch" /Fo"Debug\\" /Fd"Debug\vc100.pdb" /TP /FU"C:\Users\msalo\OneDrive\Dokument\Visual Studio 2010\Projects\cursachDLL\Debug\cursachDLL.dll" /FU"C:\Program Files (x86)\Reference Assemblies\Microsoft\Framework\.NETFramework\v4.0\Microsoft.VisualBasic.dll" /FU"C:\Program Files (x86)\Reference Assemblies\Microsoft\Framework\.NETFramework\v4.0\System.Core.dll" /FU"C:\Program Files (x86)\Reference Assemblies\Microsoft\Framework\.NETFramework\v4.0\System.Data.dll" /FU"C:\Program Files (x86)\Reference Assemblies\Microsoft\Framework\.NETFramework\v4.0\System.dll" /FU"C:\Program Files (x86)\Reference Assemblies\Microsoft\Framework\.NETFramework\v4.0\System.Drawing.dll" /FU"C:\Program Files (x86)\Reference Assemblies\Microsoft\Framework\.NETFramework\v4.0\System.Windows.Forms.dll" /FU"C:\Program Files (x86)\Reference Assemblies\Microsoft\Framework\.NETFramework\v4.0\System.Xml.dll" /analyze- /errorReport:prompt Form1.cpp cursach.cpp /clr:nostdlib 
         Form1.cpp
     1>Form1.cpp(130): warning C4101: ex: неиспользованная локальная переменная
     1>Form1.cpp(159): warning C4101: ex: неиспользованная локальная переменная
     1>Form1.cpp(270): warning C4066: знаки после первого в константе из двухбайтовых знаков пропускаются
     1>Form1.cpp(270): warning C4066: знаки после первого в константе из двухбайтовых знаков пропускаются
     1>Form1.cpp(275): warning C4066: знаки после первого в константе из двухбайтовых знаков пропускаются
     1>Form1.cpp(275): warning C4066: знаки после первого в константе из двухбайтовых знаков пропускаются
     1>Form1.cpp(276): warning C4066: знаки после первого в константе из двухбайтовых знаков пропускаются
     1>Form1.cpp(278): warning C4066: знаки после первого в константе из двухбайтовых знаков пропускаются
     1>Form1.cpp(329): warning C4066: знаки после первого в константе из двухбайтовых знаков пропускаются
     1>Form1.cpp(329): warning C4066: знаки после первого в константе из двухбайтовых знаков пропускаются
     1>Form1.cpp(334): warning C4066: знаки после первого в константе из двухбайтовых знаков пропускаются
     1>Form1.cpp(334): warning C4066: знаки после первого в константе из двухбайтовых знаков пропускаются
     1>Form1.cpp(335): warning C4066: знаки после первого в константе из двухбайтовых знаков пропускаются
     1>Form1.cpp(337): warning C4066: знаки после первого в константе из двухбайтовых знаков пропускаются
         cursach.cpp
         Создание кода...
         Для всех выходных данных обновления не требуется.
       CoreResGen:
         Отсутствуют ресурсы, устаревшие по отношению к файлам своих источников. Пропуск формирования ресурсов.
       ResourceCompile:
         Для всех выходных данных обновления не требуется.
       Link:
         D:\VS\VC\bin\link.exe /ERRORREPORT:PROMPT /OUT:"C:\Users\msalo\OneDrive\Dokument\Visual Studio 2010\Projects\cursach\Debug\cursach.exe" /INCREMENTAL /NOLOGO /ASSEMBLYRESOURCE:Debug\cursach.Form1.resources /MANIFEST /ManifestFile:"Debug\cursach.exe.intermediate.manifest" /MANIFESTUAC:"level='asInvoker' uiAccess='false'" /DEBUG /PDB:"C:\Users\msalo\OneDrive\Dokument\Visual Studio 2010\Projects\cursach\Debug\cursach.pdb" /ASSEMBLYDEBUG /SUBSYSTEM:WINDOWS /TLBID:1 /ENTRY:"main" /DYNAMICBASE /FIXED:NO /NXCOMPAT /MACHINE:X86 Debug\app.res
         Debug\AssemblyInfo.obj
         Debug\cursach.obj
         Debug\Form1.obj
         Debug\stdafx.obj
         "Debug\.NETFramework,Version=v4.0.AssemblyAttributes.obj"
         cursach.vcxproj -> C:\Users\msalo\OneDrive\Dokument\Visual Studio 2010\Projects\cursach\Debug\cursach.exe
       Manifest:
         C:\Program Files (x86)\Microsoft SDKs\Windows\v7.0A\bin\mt.exe /nologo /verbose /outputresource:"C:\Users\msalo\OneDrive\Dokument\Visual Studio 2010\Projects\cursach\Debug\cursach.exe;#1" /manifest Debug\cursach.exe.intermediate.manifest
       FinalizeBuildStatus:
         Файл "Debug\cursach.unsuccessfulbuild" удаляется.
         Обращение к "Debug\cursach.lastbuildstate".
     1>Построение проекта "C:\Users\msalo\OneDrive\Dokument\Visual Studio 2010\Projects\cursach\cursach\cursach.vcxproj" завершено (целевые объекты build).

Построение успешно завершено.

Затраченное время: 00:00:01.21
