C:\USERS\MSALO\ONEDRIVE\DOKUMENT\VISUAL STUDIO 2010\PROJECTS\CURSACH\CURSACH\DEBUG\.NETFRAMEWORK,VERSION=V4.0.ASSEMBLYATTRIBUTES.OBJ
C:\USERS\MSALO\ONEDRIVE\DOKUMENT\VISUAL STUDIO 2010\PROJECTS\CURSACH\CURSACH\DEBUG\APP.RES
C:\USERS\MSALO\ONEDRIVE\DOKUMENT\VISUAL STUDIO 2010\PROJECTS\CURSACH\CURSACH\DEBUG\ASSEMBLYINFO.OBJ
C:\Users\msalo\OneDrive\Dokument\Visual Studio 2010\Projects\cursach\cursach\Debug\cl.command.1.tlog
C:\Users\msalo\OneDrive\Dokument\Visual Studio 2010\Projects\cursach\cursach\Debug\CL.read.1.tlog
C:\Users\msalo\OneDrive\Dokument\Visual Studio 2010\Projects\cursach\cursach\Debug\CL.write.1.tlog
C:\USERS\MSALO\ONEDRIVE\DOKUMENT\VISUAL STUDIO 2010\PROJECTS\CURSACH\CURSACH\DEBUG\CURSACH.EXE.INTERMEDIATE.MANIFEST
C:\Users\msalo\OneDrive\Dokument\Visual Studio 2010\Projects\cursach\cursach\Debug\cursach.Form1.resources
C:\USERS\MSALO\ONEDRIVE\DOKUMENT\VISUAL STUDIO 2010\PROJECTS\CURSACH\CURSACH\DEBUG\CURSACH.OBJ
C:\USERS\MSALO\ONEDRIVE\DOKUMENT\VISUAL STUDIO 2010\PROJECTS\CURSACH\CURSACH\DEBUG\CURSACH.PCH
C:\Users\msalo\OneDrive\Dokument\Visual Studio 2010\Projects\cursach\cursach\Debug\cursach.vcxproj.GenerateResource.Cache
C:\Users\msalo\OneDrive\Dokument\Visual Studio 2010\Projects\cursach\cursach\Debug\cursach.write.1.tlog
C:\USERS\MSALO\ONEDRIVE\DOKUMENT\VISUAL STUDIO 2010\PROJECTS\CURSACH\CURSACH\DEBUG\FORM1.OBJ
C:\Users\msalo\OneDrive\Dokument\Visual Studio 2010\Projects\cursach\cursach\Debug\link.15960.read.1.tlog
C:\Users\msalo\OneDrive\Dokument\Visual Studio 2010\Projects\cursach\cursach\Debug\link.15960.write.1.tlog
C:\Users\msalo\OneDrive\Dokument\Visual Studio 2010\Projects\cursach\cursach\Debug\link.15960-cvtres.read.1.tlog
C:\Users\msalo\OneDrive\Dokument\Visual Studio 2010\Projects\cursach\cursach\Debug\link.15960-cvtres.write.1.tlog
C:\Users\msalo\OneDrive\Dokument\Visual Studio 2010\Projects\cursach\cursach\Debug\link.24388.read.1.tlog
C:\Users\msalo\OneDrive\Dokument\Visual Studio 2010\Projects\cursach\cursach\Debug\link.24388.write.1.tlog
C:\Users\msalo\OneDrive\Dokument\Visual Studio 2010\Projects\cursach\cursach\Debug\link.24388-cvtres.read.1.tlog
C:\Users\msalo\OneDrive\Dokument\Visual Studio 2010\Projects\cursach\cursach\Debug\link.24388-cvtres.write.1.tlog
C:\Users\msalo\OneDrive\Dokument\Visual Studio 2010\Projects\cursach\cursach\Debug\link.command.1.tlog
C:\Users\msalo\OneDrive\Dokument\Visual Studio 2010\Projects\cursach\cursach\Debug\link.read.1.tlog
C:\Users\msalo\OneDrive\Dokument\Visual Studio 2010\Projects\cursach\cursach\Debug\link.write.1.tlog
C:\Users\msalo\OneDrive\Dokument\Visual Studio 2010\Projects\cursach\cursach\Debug\mt.command.1.tlog
C:\Users\msalo\OneDrive\Dokument\Visual Studio 2010\Projects\cursach\cursach\Debug\mt.read.1.tlog
C:\Users\msalo\OneDrive\Dokument\Visual Studio 2010\Projects\cursach\cursach\Debug\mt.write.1.tlog
C:\Users\msalo\OneDrive\Dokument\Visual Studio 2010\Projects\cursach\cursach\Debug\rc.command.1.tlog
C:\Users\msalo\OneDrive\Dokument\Visual Studio 2010\Projects\cursach\cursach\Debug\rc.read.1.tlog
C:\Users\msalo\OneDrive\Dokument\Visual Studio 2010\Projects\cursach\cursach\Debug\rc.write.1.tlog
C:\USERS\MSALO\ONEDRIVE\DOKUMENT\VISUAL STUDIO 2010\PROJECTS\CURSACH\CURSACH\DEBUG\STDAFX.OBJ
C:\USERS\MSALO\ONEDRIVE\DOKUMENT\VISUAL STUDIO 2010\PROJECTS\CURSACH\CURSACH\DEBUG\VC100.PDB
C:\USERS\MSALO\ONEDRIVE\DOKUMENT\VISUAL STUDIO 2010\PROJECTS\CURSACH\DEBUG\CURSACH.EXE
C:\USERS\MSALO\ONEDRIVE\DOKUMENT\VISUAL STUDIO 2010\PROJECTS\CURSACH\DEBUG\CURSACH.ILK
C:\USERS\MSALO\ONEDRIVE\DOKUMENT\VISUAL STUDIO 2010\PROJECTS\CURSACH\DEBUG\CURSACH.PDB
C:\Users\msalo\OneDrive\Dokument\Visual Studio 2010\Projects\cursach\Debug\cursachDLL.dll
C:\Users\msalo\OneDrive\Dokument\Visual Studio 2010\Projects\cursach\Debug\cursachDLL.pdb
